        -:    0:Source:main.c
        -:    0:Graph:main.gcno
        -:    0:Data:main.gcda
        -:    0:Runs:1
        -:    0:Programs:1
        -:    1:#include <stdio.h>
        -:    2:#include <math.h>
        -:    3:
        1:    4:int main()
        -:    5:{
        1:    6:    setbuf(stdout, NULL);
        -:    7:
        -:    8:    float x1, y1, x2, y2, x3, y3;
        -:    9:    float a, b, c;
        -:   10:
        1:   11:    printf("Введите первую пару координат через пробел: ");
        1:   12:    scanf("%f %f", &x1, &y1);
        -:   13:
        1:   14:    printf("Введите вторую пару координат через пробел: ");
        1:   15:    scanf("%f %f", &x2, &y2);
        -:   16:
        1:   17:    printf("Введите третью пару координат через пробел: ");
        1:   18:    scanf("%f %f", &x3, &y3);
        -:   19:
        1:   20:    a = sqrt(pow(x2 - x1, 2) + pow(y2 - y1, 2));
        1:   21:    b = sqrt(pow(x3 - x1, 2) + pow(y3 - y1, 2));
        1:   22:    c = sqrt(pow(x3 - x2, 2) + pow(y3 - y2, 2));
        -:   23:
        -:   24:    // Проверка на вырожденность
        1:   25:    if ((a >= b + c) || (b >= a + c) || (c >= b + a))
        -:   26:    {
    #####:   27:        printf("Не треугольник\n");
        -:   28:    }
        -:   29:
        2:   30:    if ((round(a * a) == b * b + c * c) ||
        2:   31:        (round(b * b) == a * a + c * c) ||
        1:   32:        (round(c * c) == b * b + a * a))
        -:   33:    {
        1:   34:        printf("Прямоугольный треугольник\n");
        -:   35:    }
        -:   36:
        -:   37:    else
    #####:   38:        if ((a * a > b * b + c * c) ||
    #####:   39:            (b * b > a * a + c * c) ||
    #####:   40:            (c * c > b * b + a * a))
        -:   41:        {
    #####:   42:            printf("Тупоугольный треугольник\n");
        -:   43:        }
        -:   44:        else
        -:   45:        {
    #####:   46:            printf("Остроугольный треугольник\n");
        -:   47:        }
        -:   48:
        1:   49:    return 0;
        -:   50:}
